<?xml version="1.0" encoding="UTF-8"?>
<!-- Generated by org.testng.reporters.JUnitReportReporter -->
<testsuite hostname="LAPTOP-95A1H4U8" name="rest.NewTest" tests="1" failures="0" timestamp="20 Dec 2016 16:19:53 GMT" time="3.366" errors="0">
  <testcase name="testOutput" time="3.366" classname="rest.NewTest"/>
</testsuite> <!-- rest.NewTest -->
